[nodeguide.com/beginner.html]
[backblue.gif]
[fade.gif]
[index.html]
[nodeguide.com/index.html]
[nodeguide.com/object_oriented_programming.html]
[nodeguide.com/beginner.html]
[nodeguide.com/test_driven_development.html]
[nodeguide.com/index.html]
[nodeguide.com/object_oriented_programming.html]
[nodeguide.com/test_driven_development.html]
[nodeguide.com/style.html]
[nodeguide.com/community.html]
[nodeguide.com/convincing_the_boss.html]
[nodeguide.com/style.html]
[search.twitter.com/search.881d4.delayed]
[nodeguide.com/community.html]
[nodeguide.com/convincing_the_boss.html]
[search.twitter.com/search81d4]
[nodeguide.com/css/screen.css]
